platforms/android/manifest-merger-release-report.txt
-- Merging decision tree log ---
manifest
ADDED from AndroidManifest.xml:2:1
	package
		ADDED from AndroidManifest.xml:2:100
	android:versionName
		ADDED from AndroidManifest.xml:2:74
	android:hardwareAccelerated
		ADDED from AndroidManifest.xml:2:11
	android:versionCode
		ADDED from AndroidManifest.xml:2:46
		INJECTED from AndroidManifest.xml:0:0
		INJECTED from AndroidManifest.xml:0:0
	xmlns:android
		ADDED from AndroidManifest.xml:2:133
supports-screens
ADDED from AndroidManifest.xml:3:5
	android:largeScreens
		ADDED from AndroidManifest.xml:3:49
	android:smallScreens
		ADDED from AndroidManifest.xml:3:132
	android:normalScreens
		ADDED from AndroidManifest.xml:3:77
	android:xlargeScreens
		ADDED from AndroidManifest.xml:3:160
	android:resizeable
		ADDED from AndroidManifest.xml:3:106
	android:anyDensity
		ADDED from AndroidManifest.xml:3:23
uses-permission#android.permission.INTERNET
ADDED from AndroidManifest.xml:4:5
	android:name
		ADDED from AndroidManifest.xml:4:22
application
ADDED from AndroidManifest.xml:5:5
	android:label
		ADDED from AndroidManifest.xml:5:109
	android:supportsRtl
		ADDED from AndroidManifest.xml:5:142
	android:hardwareAccelerated
		ADDED from AndroidManifest.xml:5:44
	android:debuggable
		ADDED from AndroidManifest.xml:5:18
	android:icon
		ADDED from AndroidManifest.xml:5:79
activity#com.company.androidapp.MainActivity
ADDED from AndroidManifest.xml:6:9
	android:screenOrientation
		ADDED from AndroidManifest.xml:6:194
	android:label
		ADDED from AndroidManifest.xml:6:97
	android:launchMode
		ADDED from AndroidManifest.xml:6:135
	android:windowSoftInputMode
		ADDED from AndroidManifest.xml:6:285
	android:configChanges
		ADDED from AndroidManifest.xml:6:19
	android:theme
		ADDED from AndroidManifest.xml:6:231
	android:name
		ADDED from AndroidManifest.xml:6:166
intent-filter#android.intent.action.MAIN+android.intent.category.LAUNCHER
ADDED from AndroidManifest.xml:7:13
	android:label
		ADDED from AndroidManifest.xml:7:28
action#android.intent.action.MAIN
ADDED from AndroidManifest.xml:8:17
	android:name
		ADDED from AndroidManifest.xml:8:25
category#android.intent.category.LAUNCHER
ADDED from AndroidManifest.xml:9:17
	android:name
		ADDED from AndroidManifest.xml:9:27
meta-data#com.google.android.gms.version
ADDED from AndroidManifest.xml:12:9
	android:value
		ADDED from AndroidManifest.xml:12:66
	android:name
		ADDED from AndroidManifest.xml:12:20
activity#com.google.android.gms.ads.AdActivity
ADDED from AndroidManifest.xml:13:9
	android:configChanges
		ADDED from AndroidManifest.xml:13:19
	android:theme
		ADDED from AndroidManifest.xml:13:182
	android:name
		ADDED from AndroidManifest.xml:13:129
activity#com.facebook.ads.InterstitialAdActivity
ADDED from AndroidManifest.xml:14:9
	android:configChanges
		ADDED from AndroidManifest.xml:14:19
	android:name
		ADDED from AndroidManifest.xml:14:81
activity#com.flurry.android.FlurryFullscreenTakeoverActivity
ADDED from AndroidManifest.xml:15:9
	android:configChanges
		ADDED from AndroidManifest.xml:15:19
	android:name
		ADDED from AndroidManifest.xml:15:129
activity#com.inmobi.androidsdk.IMBrowserActivity
ADDED from AndroidManifest.xml:16:9
	android:hardwareAccelerated
		ADDED from AndroidManifest.xml:16:109
	android:configChanges
		ADDED from AndroidManifest.xml:16:19
	android:theme
		ADDED from AndroidManifest.xml:16:199
	android:name
		ADDED from AndroidManifest.xml:16:144
receiver#com.inmobi.commons.analytics.androidsdk.IMAdTrackerReceiver
ADDED from AndroidManifest.xml:17:9
	android:enabled
		ADDED from AndroidManifest.xml:17:19
	android:exported
		ADDED from AndroidManifest.xml:17:42
	android:name
		ADDED from AndroidManifest.xml:17:66
intent-filter#android.net.conn.CONNECTIVITY_CHANGE+com.android.vending.INSTALL_REFERRER+com.inmobi.share.id
ADDED from AndroidManifest.xml:18:13
action#com.android.vending.INSTALL_REFERRER
ADDED from AndroidManifest.xml:19:17
	android:name
		ADDED from AndroidManifest.xml:19:25
action#android.net.conn.CONNECTIVITY_CHANGE
ADDED from AndroidManifest.xml:20:17
	android:name
		ADDED from AndroidManifest.xml:20:25
action#com.inmobi.share.id
ADDED from AndroidManifest.xml:21:17
	android:name
		ADDED from AndroidManifest.xml:21:25
service#com.inmobi.commons.internal.ActivityRecognitionManager
ADDED from AndroidManifest.xml:24:9
	android:enabled
		ADDED from AndroidManifest.xml:24:18
	android:name
		ADDED from AndroidManifest.xml:24:41
activity#com.millennialmedia.android.MMActivity
ADDED from AndroidManifest.xml:25:9
	android:configChanges
		ADDED from AndroidManifest.xml:25:19
	android:theme
		ADDED from AndroidManifest.xml:25:133
	android:name
		ADDED from AndroidManifest.xml:25:79
activity#com.adsdk.sdk.banner.InAppWebView
ADDED from AndroidManifest.xml:26:9
	android:configChanges
		ADDED from AndroidManifest.xml:26:19
	android:name
		ADDED from AndroidManifest.xml:26:129
activity#com.adsdk.sdk.video.RichMediaActivity
ADDED from AndroidManifest.xml:27:9
	android:hardwareAccelerated
		ADDED from AndroidManifest.xml:27:129
	android:configChanges
		ADDED from AndroidManifest.xml:27:19
	android:name
		ADDED from AndroidManifest.xml:27:165
activity#com.adsdk.sdk.mraid.MraidBrowser
ADDED from AndroidManifest.xml:28:9
	android:configChanges
		ADDED from AndroidManifest.xml:28:19
	android:name
		ADDED from AndroidManifest.xml:28:129
uses-sdk
ADDED from AndroidManifest.xml:30:5
	android:targetSdkVersion
		ADDED from AndroidManifest.xml:30:42
	android:minSdkVersion
		ADDED from AndroidManifest.xml:30:15
uses-permission#android.permission.ACCESS_NETWORK_STATE
ADDED from AndroidManifest.xml:31:5
	android:name
		ADDED from AndroidManifest.xml:31:22
uses-permission#android.permission.ACCESS_COARSE_LOCATION
ADDED from AndroidManifest.xml:32:5
	android:name
		ADDED from AndroidManifest.xml:32:22
uses-permission#android.permission.ACCESS_FINE_LOCATION
ADDED from AndroidManifest.xml:33:5
	android:name
		ADDED from AndroidManifest.xml:33:22
uses-permission#android.permission.ACCESS_WIFI_STATE
ADDED from AndroidManifest.xml:34:5
	android:name
		ADDED from AndroidManifest.xml:34:22
uses-permission#android.permission.CHANGE_WIFI_STATE
ADDED from AndroidManifest.xml:35:5
	android:name
		ADDED from AndroidManifest.xml:35:22
uses-permission#android.permission.READ_LOGS
ADDED from AndroidManifest.xml:36:5
	android:name
		ADDED from AndroidManifest.xml:36:22
uses-permission#android.permission.VIBRATE
ADDED from AndroidManifest.xml:37:5
	android:name
		ADDED from AndroidManifest.xml:37:22
uses-permission#android.permission.RECORD_AUDIO
ADDED from AndroidManifest.xml:38:5
	android:name
		ADDED from AndroidManifest.xml:38:22
uses-permission#android.permission.WRITE_EXTERNAL_STORAGE
ADDED from AndroidManifest.xml:39:5
	android:name
		ADDED from AndroidManifest.xml:39:22
uses-permission#com.google.android.gms.permission.ACTIVITY_RECOGNITION
ADDED from AndroidManifest.xml:40:5
	android:name
		ADDED from AndroidManifest.xml:40:22
uses-permission#android.permission.READ_CALENDAR
ADDED from AndroidManifest.xml:41:5
	android:name
		ADDED from AndroidManifest.xml:41:22
uses-permission#android.permission.WRITE_CALENDAR
ADDED from AndroidManifest.xml:42:5
	android:name
		ADDED from AndroidManifest.xml:42:22
uses-feature#android.hardware.microphone
ADDED from AndroidManifest.xml:43:5
	android:required
		ADDED from AndroidManifest.xml:43:62
	android:name
		ADDED from AndroidManifest.xml:43:19
uses-permission#com.google.android.providers.gsf.permission.READ_GSERVICES
ADDED from AndroidManifest.xml:44:5
	android:name
		ADDED from AndroidManifest.xml:44:22